  ScenarioReader.cpp
E:\Github\GS3IL2CPPForSwitch\ScenarioHelper\ScenarioReader.hpp(20,5): warning C4200: 使用了非标准扩展: 结构/联合中的零大小数组
  (编译源文件“ScenarioReader.cpp”)
      E:\Github\GS3IL2CPPForSwitch\ScenarioHelper\ScenarioReader.hpp(20,5):
      默认构造函数或 copy/move 赋值运算符将忽略此成员
  
E:\Github\GS3IL2CPPForSwitch\ScenarioHelper\ScenarioReader.cpp(53,20): warning C4267: “初始化”: 从“size_t”转换到“uint32_t”，可能丢失数据
E:\Github\GS3IL2CPPForSwitch\ScenarioHelper\ScenarioReader.cpp(55,52): warning C4018: “<”: 有符号/无符号不匹配
E:\Github\GS3IL2CPPForSwitch\ScenarioHelper\ScenarioReader.cpp(69,19): warning C4267: “初始化”: 从“size_t”转换到“uint32_t”，可能丢失数据
  main.cpp
E:\Github\GS3IL2CPPForSwitch\ScenarioHelper\readbuffer.h(140,37): warning C4244: “初始化”: 从“__int64”转换到“uint32_t”，可能丢失数据
  (编译源文件“main.cpp”)
  
E:\Github\GS3IL2CPPForSwitch\ScenarioHelper\readbuffer.h(141,37): warning C4244: “初始化”: 从“__int64”转换到“uint32_t”，可能丢失数据
  (编译源文件“main.cpp”)
  
E:\Github\GS3IL2CPPForSwitch\ScenarioHelper\readbuffer.h(196,26): warning C4267: “参数”: 从“size_t”转换到“int”，可能丢失数据
  (编译源文件“main.cpp”)
  
E:\Github\GS3IL2CPPForSwitch\ScenarioHelper\ScenarioReader.hpp(20,5): warning C4200: 使用了非标准扩展: 结构/联合中的零大小数组
  (编译源文件“main.cpp”)
      E:\Github\GS3IL2CPPForSwitch\ScenarioHelper\ScenarioReader.hpp(20,5):
      默认构造函数或 copy/move 赋值运算符将忽略此成员
  
  正在生成代码...
E:\Github\GS3IL2CPPForSwitch\ScenarioHelper\ScenarioReader.hpp(18,1): warning C4172: 返回局部变量的地址或临时 
  ScenarioHelper.vcxproj -> E:\Github\GS3IL2CPPForSwitch\ScenarioHelper\x64\Debug\ScenarioHelper.exe
